<?xml version="1.0" encoding="UTF-8"?>
<testng-results total="1" passed="1" failed="0" skipped="0">
  <reporter-output>
  </reporter-output>
  <suite started-at="2025-05-09T17:41:54Z" name="Default suite" finished-at="2025-05-09T17:42:05Z" duration-ms="10621">
    <groups>
    </groups>
    <test started-at="2025-05-09T17:41:54Z" name="Default test" finished-at="2025-05-09T17:42:05Z" duration-ms="10621">
      <class name="selenium_testng.MakeMyTripSearchOfFlight">
        <test-method is-config="true" signature="setup()[pri:0, instance:selenium_testng.MakeMyTripSearchOfFlight@7b8b43c7]" started-at="2025-05-09T23:11:54Z" name="setup" finished-at="2025-05-09T23:11:58Z" duration-ms="3703" status="PASS">
          <reporter-output>
          </reporter-output>
        </test-method> <!-- setup -->
        <test-method signature="testRoundTripFlightSearch()[pri:0, instance:selenium_testng.MakeMyTripSearchOfFlight@7b8b43c7]" started-at="2025-05-09T23:11:58Z" name="testRoundTripFlightSearch" finished-at="2025-05-09T23:12:04Z" duration-ms="6158" status="PASS">
          <reporter-output>
          </reporter-output>
        </test-method> <!-- testRoundTripFlightSearch -->
        <test-method is-config="true" signature="teardown()[pri:0, instance:selenium_testng.MakeMyTripSearchOfFlight@7b8b43c7]" started-at="2025-05-09T23:12:04Z" name="teardown" finished-at="2025-05-09T23:12:05Z" duration-ms="744" status="PASS">
          <reporter-output>
          </reporter-output>
        </test-method> <!-- teardown -->
      </class> <!-- selenium_testng.MakeMyTripSearchOfFlight -->
    </test> <!-- Default test -->
  </suite> <!-- Default suite -->
</testng-results>
