<?xml version="1.0" encoding="UTF-8"?>
<testng-results total="1" passed="1" failed="0" skipped="0">
  <reporter-output>
  </reporter-output>
  <suite started-at="2025-05-24T08:44:28Z" name="Default suite" finished-at="2025-05-24T08:44:40Z" duration-ms="11556">
    <groups>
    </groups>
    <test started-at="2025-05-24T08:44:28Z" name="Default test" finished-at="2025-05-24T08:44:40Z" duration-ms="11556">
      <class name="selenium_testng.MakeMyTripSearchOfFlight">
        <test-method is-config="true" signature="setup()[pri:0, instance:selenium_testng.MakeMyTripSearchOfFlight@7b8b43c7]" started-at="2025-05-24T14:14:28Z" name="setup" finished-at="2025-05-24T14:14:33Z" duration-ms="4842" status="PASS">
          <reporter-output>
          </reporter-output>
        </test-method> <!-- setup -->
        <test-method signature="testRoundTripFlightSearch()[pri:0, instance:selenium_testng.MakeMyTripSearchOfFlight@7b8b43c7]" started-at="2025-05-24T14:14:33Z" name="testRoundTripFlightSearch" finished-at="2025-05-24T14:14:39Z" duration-ms="5935" status="PASS">
          <reporter-output>
          </reporter-output>
        </test-method> <!-- testRoundTripFlightSearch -->
        <test-method is-config="true" signature="teardown()[pri:0, instance:selenium_testng.MakeMyTripSearchOfFlight@7b8b43c7]" started-at="2025-05-24T14:14:39Z" name="teardown" finished-at="2025-05-24T14:14:40Z" duration-ms="765" status="PASS">
          <reporter-output>
          </reporter-output>
        </test-method> <!-- teardown -->
      </class> <!-- selenium_testng.MakeMyTripSearchOfFlight -->
    </test> <!-- Default test -->
  </suite> <!-- Default suite -->
</testng-results>
