<?xml version="1.0" encoding="UTF-8"?>
<!-- Generated by org.testng.reporters.JUnitXMLReporter -->
<testsuite hostname="56ba6686309b57e" failures="1" tests="1" name="Flight Search Test" time="10.279" errors="0" timestamp="9 May 2025 17:33:51 GMT">
  <testcase classname="selenium_testng.MakeMyTripSearchOfFlight" name="testRoundTripFlightSearch" time="5.805">
    <failure type="org.openqa.selenium.ElementClickInterceptedException" message="element click intercepted: Element &amp;lt;p class=&amp;quot;font18 latoBold darkGreyText appendBottom5&amp;quot;&amp;gt;...&amp;lt;/p&amp;gt; is not clickable at point (395, 676). Other element would receive the click: &amp;lt;div class=&amp;quot;hsBackDrop&amp;quot;&amp;gt;&amp;lt;/div&amp;gt;
  (Session info: chrome=136.0.7103.93)
Build info: version: &amp;apos;4.18.1&amp;apos;, revision: &amp;apos;b1d3319b48&amp;apos;
System info: os.name: &amp;apos;Windows 10&amp;apos;, os.arch: &amp;apos;amd64&amp;apos;, os.version: &amp;apos;10.0&amp;apos;, java.version: &amp;apos;11.0.11&amp;apos;
Driver info: org.openqa.selenium.chrome.ChromeDriver
Command: [0e61d2a59d91d61fe0915e48ae20b0fd, clickElement {id=f.1C885C5B18248BA7BFC01B078516A630.d.9544E95D235EB86A61EF5A0F9A6D78B6.e.370}]
Capabilities {acceptInsecureCerts: false, browserName: chrome, browserVersion: 136.0.7103.93, chrome: {chromedriverVersion: 136.0.7103.92 (cb81a4cc5087..., userDataDir: C:\Windows\SystemTemp\scope...}, fedcm:accounts: true, goog:chromeOptions: {debuggerAddress: localhost:59716}, networkConnectionEnabled: false, pageLoadStrategy: normal, platformName: windows, proxy: Proxy(), se:cdp: ws://localhost:59716/devtoo..., se:cdpVersion: 136.0.7103.93, setWindowRect: true, strictFileInteractability: false, timeouts: {implicit: 0, pageLoad: 300000, script: 30000}, unhandledPromptBehavior: dismiss and notify, webauthn:extension:credBlob: true, webauthn:extension:largeBlob: true, webauthn:extension:minPinLength: true, webauthn:extension:prf: true, webauthn:virtualAuthenticators: true}
Element: [[ChromeDriver: chrome on windows (0e61d2a59d91d61fe0915e48ae20b0fd)] -&amp;gt; xpath: //p[contains(text(),&amp;apos;Chennai&amp;apos;)]]
Session ID: 0e61d2a59d91d61fe0915e48ae20b0fd">
      <![CDATA[org.openqa.selenium.ElementClickInterceptedException: element click intercepted: Element <p class="font18 latoBold darkGreyText appendBottom5">...</p> is not clickable at point (395, 676). Other element would receive the click: <div class="hsBackDrop"></div>
  (Session info: chrome=136.0.7103.93)
Build info: version: '4.18.1', revision: 'b1d3319b48'
System info: os.name: 'Windows 10', os.arch: 'amd64', os.version: '10.0', java.version: '11.0.11'
Driver info: org.openqa.selenium.chrome.ChromeDriver
Command: [0e61d2a59d91d61fe0915e48ae20b0fd, clickElement {id=f.1C885C5B18248BA7BFC01B078516A630.d.9544E95D235EB86A61EF5A0F9A6D78B6.e.370}]
Capabilities {acceptInsecureCerts: false, browserName: chrome, browserVersion: 136.0.7103.93, chrome: {chromedriverVersion: 136.0.7103.92 (cb81a4cc5087..., userDataDir: C:\Windows\SystemTemp\scope...}, fedcm:accounts: true, goog:chromeOptions: {debuggerAddress: localhost:59716}, networkConnectionEnabled: false, pageLoadStrategy: normal, platformName: windows, proxy: Proxy(), se:cdp: ws://localhost:59716/devtoo..., se:cdpVersion: 136.0.7103.93, setWindowRect: true, strictFileInteractability: false, timeouts: {implicit: 0, pageLoad: 300000, script: 30000}, unhandledPromptBehavior: dismiss and notify, webauthn:extension:credBlob: true, webauthn:extension:largeBlob: true, webauthn:extension:minPinLength: true, webauthn:extension:prf: true, webauthn:virtualAuthenticators: true}
Element: [[ChromeDriver: chrome on windows (0e61d2a59d91d61fe0915e48ae20b0fd)] -> xpath: //p[contains(text(),'Chennai')]]
Session ID: 0e61d2a59d91d61fe0915e48ae20b0fd
	at org.openqa.selenium.remote.ErrorCodec.decode(ErrorCodec.java:167)
	at org.openqa.selenium.remote.codec.w3c.W3CHttpResponseCodec.decode(W3CHttpResponseCodec.java:138)
	at org.openqa.selenium.remote.codec.w3c.W3CHttpResponseCodec.decode(W3CHttpResponseCodec.java:50)
	at org.openqa.selenium.remote.HttpCommandExecutor.execute(HttpCommandExecutor.java:190)
	at org.openqa.selenium.remote.service.DriverCommandExecutor.invokeExecute(DriverCommandExecutor.java:216)
	at org.openqa.selenium.remote.service.DriverCommandExecutor.execute(DriverCommandExecutor.java:174)
	at org.openqa.selenium.remote.RemoteWebDriver.execute(RemoteWebDriver.java:519)
	at org.openqa.selenium.remote.RemoteWebElement.execute(RemoteWebElement.java:223)
	at org.openqa.selenium.remote.RemoteWebElement.click(RemoteWebElement.java:76)
	at selenium_testng.MakeMyTripSearchOfFlight.testRoundTripFlightSearch(MakeMyTripSearchOfFlight.java:60)
... Removed 28 stack frames]]>
    </failure>
  </testcase> <!-- testRoundTripFlightSearch -->
</testsuite> <!-- Flight Search Test -->
