<?xml version="1.0" encoding="UTF-8"?>
<testng-results ignored="0" total="1" passed="1" failed="0" skipped="0">
  <reporter-output>
  </reporter-output>
  <suite started-at="2025-05-09T16:00:12 IST" name="MakeMyTrip Suite" finished-at="2025-05-09T16:00:24 IST" duration-ms="11589">
    <groups>
    </groups>
    <test started-at="2025-05-09T16:00:12 IST" name="Flight Search Test" finished-at="2025-05-09T16:00:24 IST" duration-ms="11589">
      <class name="maven_project.MakeMyTripSearchTest">
        <test-method is-config="true" signature="setup()[pri:0, instance:maven_project.MakeMyTripSearchTest@121314f7]" started-at="2025-05-09T16:00:12 IST" name="setup" finished-at="2025-05-09T16:00:17 IST" duration-ms="4706" status="PASS">
          <reporter-output>
          </reporter-output>
        </test-method> <!-- setup -->
        <test-method signature="testRoundTripFlightSearch()[pri:0, instance:maven_project.MakeMyTripSearchTest@121314f7]" started-at="2025-05-09T16:00:17 IST" name="testRoundTripFlightSearch" finished-at="2025-05-09T16:00:23 IST" duration-ms="6028" status="PASS">
          <reporter-output>
          </reporter-output>
        </test-method> <!-- testRoundTripFlightSearch -->
        <test-method is-config="true" signature="teardown()[pri:0, instance:maven_project.MakeMyTripSearchTest@121314f7]" started-at="2025-05-09T16:00:23 IST" name="teardown" finished-at="2025-05-09T16:00:24 IST" duration-ms="785" status="PASS">
          <reporter-output>
          </reporter-output>
        </test-method> <!-- teardown -->
      </class> <!-- maven_project.MakeMyTripSearchTest -->
    </test> <!-- Flight Search Test -->
  </suite> <!-- MakeMyTrip Suite -->
</testng-results>
